2026-02-19T02:13:26 {"cpu": 1.0537109375, "cpu_total": 8, "cpu_usage": 0.1317138671875, "memory": 3113.0, "memory_total": 9862.0, "memory_usage": 0.3156560535388359, "pipeline_run_id": 22, "pipeline_schedule_id": 1, "pipeline_uuid": "ingest_bronze", "hostname": "d6554b28b458", "level": "INFO", "message": "Pipeline ingest_bronze for run 22 in schedule 1 is alive.", "timestamp": 1771467206.552513, "uuid": "9533493004e5419881800b3976833251"}
2026-02-19T02:13:26 {"cpu": 1.0537109375, "cpu_total": 8, "cpu_usage": 0.1317138671875, "memory": 3148.0, "memory_total": 9862.0, "memory_usage": 0.31920502940580003, "pipeline_run_id": 22, "pipeline_schedule_id": 1, "pipeline_uuid": "ingest_bronze", "hostname": "d6554b28b458", "level": "INFO", "message": "Pipeline ingest_bronze for run 22 in schedule 1 is alive.", "timestamp": 1771467206.735239, "uuid": "e0a626781e2f4773bb995d2c57e4a98f"}
2026-02-19T02:13:26 {"block_run_id": 127, "block_uuid": "load_zones", "pipeline_run_id": 22, "pipeline_schedule_id": 1, "pipeline_uuid": "ingest_bronze", "hostname": "d6554b28b458", "level": "INFO", "message": "Execute PipelineRun 22, BlockRun 127: pipeline ingest_bronze block load_zones", "timestamp": 1771467206.946376, "uuid": "d95dc620c1c74261a3272ad41aedaa70"}
2026-02-19T02:13:27 {"block_run_id": 127, "block_uuid": "load_zones", "pipeline_run_id": 22, "pipeline_schedule_id": 1, "pipeline_uuid": "ingest_bronze", "hostname": "d6554b28b458", "level": "INFO", "message": "BlockRun 127 (block_uuid: load_zones) completes.", "timestamp": 1771467207.650499, "uuid": "950b7cb29e5c4512a9f859419b4e5b8b"}
2026-02-19T02:13:37 {"cpu": 1.0419921875, "cpu_total": 8, "cpu_usage": 0.1302490234375, "memory": 3119.0, "memory_total": 9862.0, "memory_usage": 0.3162644494017441, "pipeline_run_id": 22, "pipeline_schedule_id": 1, "pipeline_uuid": "ingest_bronze", "hostname": "d6554b28b458", "level": "INFO", "message": "Pipeline ingest_bronze for run 22 in schedule 1 is alive.", "timestamp": 1771467217.003935, "uuid": "95fedda14b8444b1827988ac049595b4"}
2026-02-19T02:13:37 {"block_run_id": 128, "block_uuid": "uploading_zones_to_db", "pipeline_run_id": 22, "pipeline_schedule_id": 1, "pipeline_uuid": "ingest_bronze", "hostname": "d6554b28b458", "level": "INFO", "message": "Execute PipelineRun 22, BlockRun 128: pipeline ingest_bronze block uploading_zones_to_db", "timestamp": 1771467217.336545, "uuid": "e7af860a843e4597961543b969d0dc88"}
2026-02-19T02:13:37 {"block_run_id": 128, "block_uuid": "uploading_zones_to_db", "pipeline_run_id": 22, "pipeline_schedule_id": 1, "pipeline_uuid": "ingest_bronze", "hostname": "d6554b28b458", "level": "INFO", "message": "BlockRun 128 (block_uuid: uploading_zones_to_db) completes.", "timestamp": 1771467217.788777, "uuid": "4b9341a5afc04081b53584e15c5df082"}
2026-02-19T02:13:46 {"cpu": 1.0302734375, "cpu_total": 8, "cpu_usage": 0.1287841796875, "memory": 3118.0, "memory_total": 9862.0, "memory_usage": 0.3161630500912594, "pipeline_run_id": 22, "pipeline_schedule_id": 1, "pipeline_uuid": "ingest_bronze", "hostname": "d6554b28b458", "level": "INFO", "message": "Pipeline ingest_bronze for run 22 in schedule 1 is alive.", "timestamp": 1771467226.258801, "uuid": "e05050627eb247d5ac52b5508047338d"}
2026-02-19T02:13:46 {"block_run_id": 129, "block_uuid": "dbt/scheduler_transformations/models/bronze/stg_zones", "pipeline_run_id": 22, "pipeline_schedule_id": 1, "pipeline_uuid": "ingest_bronze", "hostname": "d6554b28b458", "level": "INFO", "message": "Execute PipelineRun 22, BlockRun 129: pipeline ingest_bronze block dbt/scheduler_transformations/models/bronze/stg_zones", "timestamp": 1771467226.58264, "uuid": "3214ad47bfa147d1bc3a50cb3430499a"}
2026-02-19T02:13:53 {"block_run_id": 129, "block_uuid": "dbt/scheduler_transformations/models/bronze/stg_zones", "pipeline_run_id": 22, "pipeline_schedule_id": 1, "pipeline_uuid": "ingest_bronze", "hostname": "d6554b28b458", "level": "INFO", "message": "BlockRun 129 (block_uuid: dbt/scheduler_transformations/models/bronze/stg_zones) completes.", "timestamp": 1771467233.127923, "uuid": "cfbd0776184742e2b54c50edd5a1dc07"}
2026-02-19T02:13:56 {"cpu": 1.029296875, "cpu_total": 8, "cpu_usage": 0.128662109375, "memory": 3112.0, "memory_total": 9862.0, "memory_usage": 0.3155546542283513, "pipeline_run_id": 22, "pipeline_schedule_id": 1, "pipeline_uuid": "ingest_bronze", "hostname": "d6554b28b458", "level": "INFO", "message": "Pipeline ingest_bronze for run 22 in schedule 1 is alive.", "timestamp": 1771467236.503958, "uuid": "3f3527841a5446ea9f55bffbfbf50175"}
2026-02-19T02:13:56 {"block_run_id": 130, "block_uuid": "ing_taxi_trips", "pipeline_run_id": 22, "pipeline_schedule_id": 1, "pipeline_uuid": "ingest_bronze", "hostname": "d6554b28b458", "level": "INFO", "message": "Execute PipelineRun 22, BlockRun 130: pipeline ingest_bronze block ing_taxi_trips", "timestamp": 1771467236.929486, "uuid": "ad34aa22a7584c239077d0885bd266f1"}
2026-02-19T02:13:58 {"block_run_id": 130, "block_uuid": "ing_taxi_trips", "pipeline_run_id": 22, "pipeline_schedule_id": 1, "pipeline_uuid": "ingest_bronze", "hostname": "d6554b28b458", "level": "EXCEPTION", "message": "BlockRun 130 (block_uuid: ing_taxi_trips) failed.", "timestamp": 1771467238.295536, "uuid": "c1f9043fad3d4bfd95d40f69466a017d", "error": "Traceback (most recent call last):\n  File \"<string>\", line 38, in load_data\n  File \"/usr/local/lib/python3.10/site-packages/requests/models.py\", line 1021, in raise_for_status\n    raise HTTPError(http_error_msg, response=self)\nrequests.exceptions.HTTPError: 403 Client Error: Forbidden for url: https://d37ci6vzurychx.cloudfront.net/trip-data/yellow_tripdata_2025-12.parquet\n\nDuring handling of the above exception, another exception occurred:\n\nTraceback (most recent call last):\n  File \"/usr/local/lib/python3.10/site-packages/mage_ai/data_preparation/executors/block_executor.py\", line 647, in execute\n    result = __execute_with_retry()\n  File \"/usr/local/lib/python3.10/site-packages/mage_ai/shared/retry.py\", line 54, in retry_func\n    raise e\n  File \"/usr/local/lib/python3.10/site-packages/mage_ai/shared/retry.py\", line 38, in retry_func\n    return func(*args, **kwargs)\n  File \"/usr/local/lib/python3.10/site-packages/mage_ai/data_preparation/executors/block_executor.py\", line 621, in __execute_with_retry\n    return self._execute(\n  File \"/usr/local/lib/python3.10/site-packages/mage_ai/data_preparation/executors/block_executor.py\", line 1154, in _execute\n    result = self.block.execute_sync(\n  File \"/usr/local/lib/python3.10/site-packages/mage_ai/data_preparation/models/block/__init__.py\", line 1691, in execute_sync\n    return __execute()\n  File \"/usr/local/lib/python3.10/site-packages/mage_ai/data_preparation/models/block/__init__.py\", line 1668, in __execute\n    raise err\n  File \"/usr/local/lib/python3.10/site-packages/mage_ai/data_preparation/models/block/__init__.py\", line 1570, in __execute\n    output = self.execute_block(\n  File \"/usr/local/lib/python3.10/site-packages/mage_ai/data_preparation/models/block/__init__.py\", line 1910, in execute_block\n    outputs = self._execute_block(\n  File \"/usr/local/lib/python3.10/site-packages/mage_ai/data_preparation/models/block/__init__.py\", line 2073, in _execute_block\n    outputs = self.execute_block_function(\n  File \"/usr/local/lib/python3.10/site-packages/mage_ai/data_preparation/models/block/__init__.py\", line 2169, in execute_block_function\n    output = block_function_updated(*input_vars, **global_vars)\n  File \"<string>\", line 47, in load_data\nNameError: name 'green_trips_url' is not defined\n", "error_stack": ["  File \"/usr/local/bin/mage\", line 8, in <module>\n    sys.exit(app())\n", "  File \"/usr/local/lib/python3.10/site-packages/typer/main.py\", line 311, in __call__\n    return get_command(self)(*args, **kwargs)\n", "  File \"/usr/local/lib/python3.10/site-packages/click/core.py\", line 1161, in __call__\n    return self.main(*args, **kwargs)\n", "  File \"/usr/local/lib/python3.10/site-packages/typer/core.py\", line 778, in main\n    return _main(\n", "  File \"/usr/local/lib/python3.10/site-packages/typer/core.py\", line 216, in _main\n    rv = self.invoke(ctx)\n", "  File \"/usr/local/lib/python3.10/site-packages/click/core.py\", line 1697, in invoke\n    return _process_result(sub_ctx.command.invoke(sub_ctx))\n", "  File \"/usr/local/lib/python3.10/site-packages/click/core.py\", line 1443, in invoke\n    return ctx.invoke(self.callback, **ctx.params)\n", "  File \"/usr/local/lib/python3.10/site-packages/click/core.py\", line 788, in invoke\n    return __callback(*args, **kwargs)\n", "  File \"/usr/local/lib/python3.10/site-packages/typer/main.py\", line 683, in wrapper\n    return callback(**use_params)  # type: ignore\n", "  File \"/usr/local/lib/python3.10/site-packages/mage_ai/cli/main.py\", line 147, in start\n    start_server(\n", "  File \"/usr/local/lib/python3.10/site-packages/mage_ai/server/server.py\", line 813, in start_server\n    scheduler_manager.start_scheduler()\n", "  File \"/usr/local/lib/python3.10/site-packages/mage_ai/server/scheduler_manager.py\", line 108, in start_scheduler\n    proc.start()\n", "  File \"/usr/local/lib/python3.10/multiprocessing/process.py\", line 121, in start\n    self._popen = self._Popen(self)\n", "  File \"/usr/local/lib/python3.10/multiprocessing/context.py\", line 224, in _Popen\n    return _default_context.get_context().Process._Popen(process_obj)\n", "  File \"/usr/local/lib/python3.10/multiprocessing/context.py\", line 281, in _Popen\n    return Popen(process_obj)\n", "  File \"/usr/local/lib/python3.10/multiprocessing/popen_fork.py\", line 19, in __init__\n    self._launch(process_obj)\n", "  File \"/usr/local/lib/python3.10/multiprocessing/popen_fork.py\", line 71, in _launch\n    code = process_obj._bootstrap(parent_sentinel=child_r)\n", "  File \"/usr/local/lib/python3.10/multiprocessing/process.py\", line 314, in _bootstrap\n    self.run()\n", "  File \"/usr/local/lib/python3.10/multiprocessing/process.py\", line 108, in run\n    self._target(*self._args, **self._kwargs)\n", "  File \"/usr/local/lib/python3.10/site-packages/mage_ai/orchestration/db/process.py\", line 15, in start_session_and_run\n    results = target(*args)\n", "  File \"/usr/local/lib/python3.10/site-packages/mage_ai/server/scheduler_manager.py\", line 60, in run_scheduler\n    LoopTimeTrigger().start()\n", "  File \"/usr/local/lib/python3.10/site-packages/mage_ai/orchestration/triggers/loop_time_trigger.py\", line 14, in start\n    self.run()\n", "  File \"/usr/local/lib/python3.10/site-packages/mage_ai/orchestration/triggers/time_trigger.py\", line 11, in run\n    schedule_all()\n", "  File \"/usr/local/lib/python3.10/site-packages/mage_ai/orchestration/pipeline_scheduler_original.py\", line 1819, in schedule_all\n    PipelineScheduler(r).schedule()\n", "  File \"/usr/local/lib/python3.10/site-packages/mage_ai/orchestration/db/__init__.py\", line 159, in func_with_rollback\n    return func(*args, **kwargs)\n", "  File \"/usr/local/lib/python3.10/site-packages/mage_ai/orchestration/pipeline_scheduler_original.py\", line 334, in schedule\n    self.__schedule_blocks(block_runs)\n", "  File \"/usr/local/lib/python3.10/site-packages/mage_ai/orchestration/pipeline_scheduler_original.py\", line 641, in __schedule_blocks\n    job_manager.add_job(\n", "  File \"/usr/local/lib/python3.10/site-packages/mage_ai/orchestration/job_manager.py\", line 21, in add_job\n    self.queue.enqueue(job_id, target, *args, **kwargs)\n", "  File \"/usr/local/lib/python3.10/site-packages/mage_ai/orchestration/queue/process_queue.py\", line 122, in enqueue\n    self.start_worker_pool()\n", "  File \"/usr/local/lib/python3.10/site-packages/mage_ai/orchestration/queue/process_queue.py\", line 199, in start_worker_pool\n    self.worker_pool_proc.start()\n", "  File \"/usr/local/lib/python3.10/multiprocessing/process.py\", line 121, in start\n    self._popen = self._Popen(self)\n", "  File \"/usr/local/lib/python3.10/multiprocessing/context.py\", line 224, in _Popen\n    return _default_context.get_context().Process._Popen(process_obj)\n", "  File \"/usr/local/lib/python3.10/multiprocessing/context.py\", line 281, in _Popen\n    return Popen(process_obj)\n", "  File \"/usr/local/lib/python3.10/multiprocessing/popen_fork.py\", line 19, in __init__\n    self._launch(process_obj)\n", "  File \"/usr/local/lib/python3.10/multiprocessing/popen_fork.py\", line 71, in _launch\n    code = process_obj._bootstrap(parent_sentinel=child_r)\n", "  File \"/usr/local/lib/python3.10/multiprocessing/process.py\", line 314, in _bootstrap\n    self.run()\n", "  File \"/usr/local/lib/python3.10/multiprocessing/process.py\", line 108, in run\n    self._target(*self._args, **self._kwargs)\n", "  File \"/usr/local/lib/python3.10/site-packages/mage_ai/orchestration/queue/process_queue.py\", line 355, in poll_job_and_execute\n    worker.start()\n", "  File \"/usr/local/lib/python3.10/multiprocessing/process.py\", line 121, in start\n    self._popen = self._Popen(self)\n", "  File \"/usr/local/lib/python3.10/multiprocessing/context.py\", line 224, in _Popen\n    return _default_context.get_context().Process._Popen(process_obj)\n", "  File \"/usr/local/lib/python3.10/multiprocessing/context.py\", line 281, in _Popen\n    return Popen(process_obj)\n", "  File \"/usr/local/lib/python3.10/multiprocessing/popen_fork.py\", line 19, in __init__\n    self._launch(process_obj)\n", "  File \"/usr/local/lib/python3.10/multiprocessing/popen_fork.py\", line 71, in _launch\n    code = process_obj._bootstrap(parent_sentinel=child_r)\n", "  File \"/usr/local/lib/python3.10/multiprocessing/process.py\", line 314, in _bootstrap\n    self.run()\n", "  File \"/usr/local/lib/python3.10/site-packages/newrelic/api/background_task.py\", line 117, in wrapper\n    return wrapped(*args, **kwargs)\n", "  File \"/usr/local/lib/python3.10/site-packages/mage_ai/orchestration/queue/process_queue.py\", line 319, in run\n    start_session_and_run(args[1], *args[2], **args[3])\n", "  File \"/usr/local/lib/python3.10/site-packages/mage_ai/orchestration/db/process.py\", line 15, in start_session_and_run\n    results = target(*args)\n", "  File \"/usr/local/lib/python3.10/site-packages/mage_ai/orchestration/pipeline_scheduler_original.py\", line 1311, in run_block\n    return ExecutorFactory.get_block_executor(\n", "  File \"/usr/local/lib/python3.10/site-packages/mage_ai/data_preparation/executors/block_executor.py\", line 682, in execute\n    on_failure(\n", "  File \"/usr/local/lib/python3.10/site-packages/mage_ai/orchestration/db/__init__.py\", line 159, in func_with_rollback\n    return func(*args, **kwargs)\n", "  File \"/usr/local/lib/python3.10/site-packages/mage_ai/orchestration/pipeline_scheduler_original.py\", line 465, in on_block_failure\n    self.logger.exception(\n", "  File \"/usr/local/lib/python3.10/site-packages/mage_ai/data_preparation/logging/logger.py\", line 30, in exception\n    self.__send_message('exception', message, **kwargs)\n", "  File \"/usr/local/lib/python3.10/site-packages/mage_ai/data_preparation/logging/logger.py\", line 65, in __send_message\n    data['error_stack'] = traceback.format_stack()\n"], "error_stacktrace": "name 'green_trips_url' is not defined"}
Traceback (most recent call last):
  File "<string>", line 38, in load_data
  File "/usr/local/lib/python3.10/site-packages/requests/models.py", line 1021, in raise_for_status
    raise HTTPError(http_error_msg, response=self)
requests.exceptions.HTTPError: 403 Client Error: Forbidden for url: https://d37ci6vzurychx.cloudfront.net/trip-data/yellow_tripdata_2025-12.parquet

During handling of the above exception, another exception occurred:

Traceback (most recent call last):
  File "/usr/local/lib/python3.10/site-packages/mage_ai/data_preparation/executors/block_executor.py", line 647, in execute
    result = __execute_with_retry()
  File "/usr/local/lib/python3.10/site-packages/mage_ai/shared/retry.py", line 54, in retry_func
    raise e
  File "/usr/local/lib/python3.10/site-packages/mage_ai/shared/retry.py", line 38, in retry_func
    return func(*args, **kwargs)
  File "/usr/local/lib/python3.10/site-packages/mage_ai/data_preparation/executors/block_executor.py", line 621, in __execute_with_retry
    return self._execute(
  File "/usr/local/lib/python3.10/site-packages/mage_ai/data_preparation/executors/block_executor.py", line 1154, in _execute
    result = self.block.execute_sync(
  File "/usr/local/lib/python3.10/site-packages/mage_ai/data_preparation/models/block/__init__.py", line 1691, in execute_sync
    return __execute()
  File "/usr/local/lib/python3.10/site-packages/mage_ai/data_preparation/models/block/__init__.py", line 1668, in __execute
    raise err
  File "/usr/local/lib/python3.10/site-packages/mage_ai/data_preparation/models/block/__init__.py", line 1570, in __execute
    output = self.execute_block(
  File "/usr/local/lib/python3.10/site-packages/mage_ai/data_preparation/models/block/__init__.py", line 1910, in execute_block
    outputs = self._execute_block(
  File "/usr/local/lib/python3.10/site-packages/mage_ai/data_preparation/models/block/__init__.py", line 2073, in _execute_block
    outputs = self.execute_block_function(
  File "/usr/local/lib/python3.10/site-packages/mage_ai/data_preparation/models/block/__init__.py", line 2169, in execute_block_function
    output = block_function_updated(*input_vars, **global_vars)
  File "<string>", line 47, in load_data
NameError: name 'green_trips_url' is not defined
2026-02-19T02:14:06 {"cpu": 1.0283203125, "cpu_total": 8, "cpu_usage": 0.1285400390625, "memory": 3116.0, "memory_total": 9862.0, "memory_usage": 0.31596025147029, "pipeline_run_id": 22, "pipeline_schedule_id": 1, "pipeline_uuid": "ingest_bronze", "hostname": "d6554b28b458", "level": "INFO", "message": "Pipeline ingest_bronze for run 22 in schedule 1 is alive.", "timestamp": 1771467246.802345, "uuid": "ca59f38d2530477d90fe1ac2cb7285bb"}
