2026-02-19T02:14:26 {"cpu": 1.0048828125, "cpu_total": 8, "cpu_usage": 0.1256103515625, "memory": 3121.0, "memory_total": 9862.0, "memory_usage": 0.3164672480227134, "pipeline_run_id": 23, "pipeline_schedule_id": 1, "pipeline_uuid": "ingest_bronze", "hostname": "d6554b28b458", "level": "INFO", "message": "Pipeline ingest_bronze for run 23 in schedule 1 is alive.", "timestamp": 1771467266.784751, "uuid": "8e81472a9cb345bc89fa09a5b87351d7"}
2026-02-19T02:14:27 {"cpu": 1.0048828125, "cpu_total": 8, "cpu_usage": 0.1256103515625, "memory": 3155.0, "memory_total": 9862.0, "memory_usage": 0.31991482457919285, "pipeline_run_id": 23, "pipeline_schedule_id": 1, "pipeline_uuid": "ingest_bronze", "hostname": "d6554b28b458", "level": "INFO", "message": "Pipeline ingest_bronze for run 23 in schedule 1 is alive.", "timestamp": 1771467267.02147, "uuid": "9c3b97a044624a8682f1cbb539bf8068"}
2026-02-19T02:14:27 {"block_run_id": 133, "block_uuid": "load_zones", "pipeline_run_id": 23, "pipeline_schedule_id": 1, "pipeline_uuid": "ingest_bronze", "hostname": "d6554b28b458", "level": "INFO", "message": "Execute PipelineRun 23, BlockRun 133: pipeline ingest_bronze block load_zones", "timestamp": 1771467267.199413, "uuid": "4bd8c93673d54155a568eadeda4a3ade"}
2026-02-19T02:14:27 {"block_run_id": 133, "block_uuid": "load_zones", "pipeline_run_id": 23, "pipeline_schedule_id": 1, "pipeline_uuid": "ingest_bronze", "hostname": "d6554b28b458", "level": "INFO", "message": "BlockRun 133 (block_uuid: load_zones) completes.", "timestamp": 1771467267.942195, "uuid": "ade434925419400ea07190675f15f70c"}
2026-02-19T02:14:36 {"cpu": 0.99853515625, "cpu_total": 8, "cpu_usage": 0.12481689453125, "memory": 3116.0, "memory_total": 9862.0, "memory_usage": 0.31596025147029, "pipeline_run_id": 23, "pipeline_schedule_id": 1, "pipeline_uuid": "ingest_bronze", "hostname": "d6554b28b458", "level": "INFO", "message": "Pipeline ingest_bronze for run 23 in schedule 1 is alive.", "timestamp": 1771467276.24369, "uuid": "b076b67d34104cafab31262e2200fa2b"}
2026-02-19T02:14:36 {"block_run_id": 134, "block_uuid": "uploading_zones_to_db", "pipeline_run_id": 23, "pipeline_schedule_id": 1, "pipeline_uuid": "ingest_bronze", "hostname": "d6554b28b458", "level": "INFO", "message": "Execute PipelineRun 23, BlockRun 134: pipeline ingest_bronze block uploading_zones_to_db", "timestamp": 1771467276.511655, "uuid": "70496dda529b406997ed81e17b8c2527"}
2026-02-19T02:14:37 {"block_run_id": 134, "block_uuid": "uploading_zones_to_db", "pipeline_run_id": 23, "pipeline_schedule_id": 1, "pipeline_uuid": "ingest_bronze", "hostname": "d6554b28b458", "level": "INFO", "message": "BlockRun 134 (block_uuid: uploading_zones_to_db) completes.", "timestamp": 1771467277.075087, "uuid": "ec988708194c461ba630536a014a1181"}
2026-02-19T02:14:46 {"cpu": 0.98779296875, "cpu_total": 8, "cpu_usage": 0.12347412109375, "memory": 3116.0, "memory_total": 9862.0, "memory_usage": 0.31596025147029, "pipeline_run_id": 23, "pipeline_schedule_id": 1, "pipeline_uuid": "ingest_bronze", "hostname": "d6554b28b458", "level": "INFO", "message": "Pipeline ingest_bronze for run 23 in schedule 1 is alive.", "timestamp": 1771467286.467086, "uuid": "1d79f66ebbdc47eb9458096af4b33c00"}
2026-02-19T02:14:46 {"block_run_id": 135, "block_uuid": "dbt/scheduler_transformations/models/bronze/stg_zones", "pipeline_run_id": 23, "pipeline_schedule_id": 1, "pipeline_uuid": "ingest_bronze", "hostname": "d6554b28b458", "level": "INFO", "message": "Execute PipelineRun 23, BlockRun 135: pipeline ingest_bronze block dbt/scheduler_transformations/models/bronze/stg_zones", "timestamp": 1771467286.778835, "uuid": "258a94f1339440f9a9fe7752773a113e"}
2026-02-19T02:14:53 {"block_run_id": 135, "block_uuid": "dbt/scheduler_transformations/models/bronze/stg_zones", "pipeline_run_id": 23, "pipeline_schedule_id": 1, "pipeline_uuid": "ingest_bronze", "hostname": "d6554b28b458", "level": "INFO", "message": "BlockRun 135 (block_uuid: dbt/scheduler_transformations/models/bronze/stg_zones) completes.", "timestamp": 1771467293.480476, "uuid": "42aa3f5dc75246f8b72f786cfc8b0422"}
2026-02-19T02:14:56 {"cpu": 0.98291015625, "cpu_total": 8, "cpu_usage": 0.12286376953125, "memory": 3117.0, "memory_total": 9862.0, "memory_usage": 0.3160616507807747, "pipeline_run_id": 23, "pipeline_schedule_id": 1, "pipeline_uuid": "ingest_bronze", "hostname": "d6554b28b458", "level": "INFO", "message": "Pipeline ingest_bronze for run 23 in schedule 1 is alive.", "timestamp": 1771467296.742108, "uuid": "c0a07144602748fab7a3203ca196d92c"}
2026-02-19T02:14:57 {"block_run_id": 136, "block_uuid": "ing_taxi_trips", "pipeline_run_id": 23, "pipeline_schedule_id": 1, "pipeline_uuid": "ingest_bronze", "hostname": "d6554b28b458", "level": "INFO", "message": "Execute PipelineRun 23, BlockRun 136: pipeline ingest_bronze block ing_taxi_trips", "timestamp": 1771467297.144468, "uuid": "2707305b14d449f0955bf11f5475c8d3"}
2026-02-19T02:14:58 {"block_run_id": 136, "block_uuid": "ing_taxi_trips", "pipeline_run_id": 23, "pipeline_schedule_id": 1, "pipeline_uuid": "ingest_bronze", "hostname": "d6554b28b458", "level": "EXCEPTION", "message": "BlockRun 136 (block_uuid: ing_taxi_trips) failed.", "timestamp": 1771467298.263621, "uuid": "37a4d62976454439b2a5243b80ab592f", "error": "Traceback (most recent call last):\n  File \"<string>\", line 38, in load_data\n  File \"/usr/local/lib/python3.10/site-packages/requests/models.py\", line 1021, in raise_for_status\n    raise HTTPError(http_error_msg, response=self)\nrequests.exceptions.HTTPError: 403 Client Error: Forbidden for url: https://d37ci6vzurychx.cloudfront.net/trip-data/green_tripdata_2025-12.parquet\n\nDuring handling of the above exception, another exception occurred:\n\nTraceback (most recent call last):\n  File \"/usr/local/lib/python3.10/site-packages/mage_ai/data_preparation/executors/block_executor.py\", line 647, in execute\n    result = __execute_with_retry()\n  File \"/usr/local/lib/python3.10/site-packages/mage_ai/shared/retry.py\", line 54, in retry_func\n    raise e\n  File \"/usr/local/lib/python3.10/site-packages/mage_ai/shared/retry.py\", line 38, in retry_func\n    return func(*args, **kwargs)\n  File \"/usr/local/lib/python3.10/site-packages/mage_ai/data_preparation/executors/block_executor.py\", line 621, in __execute_with_retry\n    return self._execute(\n  File \"/usr/local/lib/python3.10/site-packages/mage_ai/data_preparation/executors/block_executor.py\", line 1154, in _execute\n    result = self.block.execute_sync(\n  File \"/usr/local/lib/python3.10/site-packages/mage_ai/data_preparation/models/block/__init__.py\", line 1691, in execute_sync\n    return __execute()\n  File \"/usr/local/lib/python3.10/site-packages/mage_ai/data_preparation/models/block/__init__.py\", line 1668, in __execute\n    raise err\n  File \"/usr/local/lib/python3.10/site-packages/mage_ai/data_preparation/models/block/__init__.py\", line 1570, in __execute\n    output = self.execute_block(\n  File \"/usr/local/lib/python3.10/site-packages/mage_ai/data_preparation/models/block/__init__.py\", line 1910, in execute_block\n    outputs = self._execute_block(\n  File \"/usr/local/lib/python3.10/site-packages/mage_ai/data_preparation/models/block/__init__.py\", line 2073, in _execute_block\n    outputs = self.execute_block_function(\n  File \"/usr/local/lib/python3.10/site-packages/mage_ai/data_preparation/models/block/__init__.py\", line 2169, in execute_block_function\n    output = block_function_updated(*input_vars, **global_vars)\n  File \"<string>\", line 47, in load_data\nNameError: name 'green_trips_url' is not defined\n", "error_stack": ["  File \"/usr/local/bin/mage\", line 8, in <module>\n    sys.exit(app())\n", "  File \"/usr/local/lib/python3.10/site-packages/typer/main.py\", line 311, in __call__\n    return get_command(self)(*args, **kwargs)\n", "  File \"/usr/local/lib/python3.10/site-packages/click/core.py\", line 1161, in __call__\n    return self.main(*args, **kwargs)\n", "  File \"/usr/local/lib/python3.10/site-packages/typer/core.py\", line 778, in main\n    return _main(\n", "  File \"/usr/local/lib/python3.10/site-packages/typer/core.py\", line 216, in _main\n    rv = self.invoke(ctx)\n", "  File \"/usr/local/lib/python3.10/site-packages/click/core.py\", line 1697, in invoke\n    return _process_result(sub_ctx.command.invoke(sub_ctx))\n", "  File \"/usr/local/lib/python3.10/site-packages/click/core.py\", line 1443, in invoke\n    return ctx.invoke(self.callback, **ctx.params)\n", "  File \"/usr/local/lib/python3.10/site-packages/click/core.py\", line 788, in invoke\n    return __callback(*args, **kwargs)\n", "  File \"/usr/local/lib/python3.10/site-packages/typer/main.py\", line 683, in wrapper\n    return callback(**use_params)  # type: ignore\n", "  File \"/usr/local/lib/python3.10/site-packages/mage_ai/cli/main.py\", line 147, in start\n    start_server(\n", "  File \"/usr/local/lib/python3.10/site-packages/mage_ai/server/server.py\", line 813, in start_server\n    scheduler_manager.start_scheduler()\n", "  File \"/usr/local/lib/python3.10/site-packages/mage_ai/server/scheduler_manager.py\", line 108, in start_scheduler\n    proc.start()\n", "  File \"/usr/local/lib/python3.10/multiprocessing/process.py\", line 121, in start\n    self._popen = self._Popen(self)\n", "  File \"/usr/local/lib/python3.10/multiprocessing/context.py\", line 224, in _Popen\n    return _default_context.get_context().Process._Popen(process_obj)\n", "  File \"/usr/local/lib/python3.10/multiprocessing/context.py\", line 281, in _Popen\n    return Popen(process_obj)\n", "  File \"/usr/local/lib/python3.10/multiprocessing/popen_fork.py\", line 19, in __init__\n    self._launch(process_obj)\n", "  File \"/usr/local/lib/python3.10/multiprocessing/popen_fork.py\", line 71, in _launch\n    code = process_obj._bootstrap(parent_sentinel=child_r)\n", "  File \"/usr/local/lib/python3.10/multiprocessing/process.py\", line 314, in _bootstrap\n    self.run()\n", "  File \"/usr/local/lib/python3.10/multiprocessing/process.py\", line 108, in run\n    self._target(*self._args, **self._kwargs)\n", "  File \"/usr/local/lib/python3.10/site-packages/mage_ai/orchestration/db/process.py\", line 15, in start_session_and_run\n    results = target(*args)\n", "  File \"/usr/local/lib/python3.10/site-packages/mage_ai/server/scheduler_manager.py\", line 60, in run_scheduler\n    LoopTimeTrigger().start()\n", "  File \"/usr/local/lib/python3.10/site-packages/mage_ai/orchestration/triggers/loop_time_trigger.py\", line 14, in start\n    self.run()\n", "  File \"/usr/local/lib/python3.10/site-packages/mage_ai/orchestration/triggers/time_trigger.py\", line 11, in run\n    schedule_all()\n", "  File \"/usr/local/lib/python3.10/site-packages/mage_ai/orchestration/pipeline_scheduler_original.py\", line 1819, in schedule_all\n    PipelineScheduler(r).schedule()\n", "  File \"/usr/local/lib/python3.10/site-packages/mage_ai/orchestration/db/__init__.py\", line 159, in func_with_rollback\n    return func(*args, **kwargs)\n", "  File \"/usr/local/lib/python3.10/site-packages/mage_ai/orchestration/pipeline_scheduler_original.py\", line 334, in schedule\n    self.__schedule_blocks(block_runs)\n", "  File \"/usr/local/lib/python3.10/site-packages/mage_ai/orchestration/pipeline_scheduler_original.py\", line 641, in __schedule_blocks\n    job_manager.add_job(\n", "  File \"/usr/local/lib/python3.10/site-packages/mage_ai/orchestration/job_manager.py\", line 21, in add_job\n    self.queue.enqueue(job_id, target, *args, **kwargs)\n", "  File \"/usr/local/lib/python3.10/site-packages/mage_ai/orchestration/queue/process_queue.py\", line 122, in enqueue\n    self.start_worker_pool()\n", "  File \"/usr/local/lib/python3.10/site-packages/mage_ai/orchestration/queue/process_queue.py\", line 199, in start_worker_pool\n    self.worker_pool_proc.start()\n", "  File \"/usr/local/lib/python3.10/multiprocessing/process.py\", line 121, in start\n    self._popen = self._Popen(self)\n", "  File \"/usr/local/lib/python3.10/multiprocessing/context.py\", line 224, in _Popen\n    return _default_context.get_context().Process._Popen(process_obj)\n", "  File \"/usr/local/lib/python3.10/multiprocessing/context.py\", line 281, in _Popen\n    return Popen(process_obj)\n", "  File \"/usr/local/lib/python3.10/multiprocessing/popen_fork.py\", line 19, in __init__\n    self._launch(process_obj)\n", "  File \"/usr/local/lib/python3.10/multiprocessing/popen_fork.py\", line 71, in _launch\n    code = process_obj._bootstrap(parent_sentinel=child_r)\n", "  File \"/usr/local/lib/python3.10/multiprocessing/process.py\", line 314, in _bootstrap\n    self.run()\n", "  File \"/usr/local/lib/python3.10/multiprocessing/process.py\", line 108, in run\n    self._target(*self._args, **self._kwargs)\n", "  File \"/usr/local/lib/python3.10/site-packages/mage_ai/orchestration/queue/process_queue.py\", line 355, in poll_job_and_execute\n    worker.start()\n", "  File \"/usr/local/lib/python3.10/multiprocessing/process.py\", line 121, in start\n    self._popen = self._Popen(self)\n", "  File \"/usr/local/lib/python3.10/multiprocessing/context.py\", line 224, in _Popen\n    return _default_context.get_context().Process._Popen(process_obj)\n", "  File \"/usr/local/lib/python3.10/multiprocessing/context.py\", line 281, in _Popen\n    return Popen(process_obj)\n", "  File \"/usr/local/lib/python3.10/multiprocessing/popen_fork.py\", line 19, in __init__\n    self._launch(process_obj)\n", "  File \"/usr/local/lib/python3.10/multiprocessing/popen_fork.py\", line 71, in _launch\n    code = process_obj._bootstrap(parent_sentinel=child_r)\n", "  File \"/usr/local/lib/python3.10/multiprocessing/process.py\", line 314, in _bootstrap\n    self.run()\n", "  File \"/usr/local/lib/python3.10/site-packages/newrelic/api/background_task.py\", line 117, in wrapper\n    return wrapped(*args, **kwargs)\n", "  File \"/usr/local/lib/python3.10/site-packages/mage_ai/orchestration/queue/process_queue.py\", line 319, in run\n    start_session_and_run(args[1], *args[2], **args[3])\n", "  File \"/usr/local/lib/python3.10/site-packages/mage_ai/orchestration/db/process.py\", line 15, in start_session_and_run\n    results = target(*args)\n", "  File \"/usr/local/lib/python3.10/site-packages/mage_ai/orchestration/pipeline_scheduler_original.py\", line 1311, in run_block\n    return ExecutorFactory.get_block_executor(\n", "  File \"/usr/local/lib/python3.10/site-packages/mage_ai/data_preparation/executors/block_executor.py\", line 682, in execute\n    on_failure(\n", "  File \"/usr/local/lib/python3.10/site-packages/mage_ai/orchestration/db/__init__.py\", line 159, in func_with_rollback\n    return func(*args, **kwargs)\n", "  File \"/usr/local/lib/python3.10/site-packages/mage_ai/orchestration/pipeline_scheduler_original.py\", line 465, in on_block_failure\n    self.logger.exception(\n", "  File \"/usr/local/lib/python3.10/site-packages/mage_ai/data_preparation/logging/logger.py\", line 30, in exception\n    self.__send_message('exception', message, **kwargs)\n", "  File \"/usr/local/lib/python3.10/site-packages/mage_ai/data_preparation/logging/logger.py\", line 65, in __send_message\n    data['error_stack'] = traceback.format_stack()\n"], "error_stacktrace": "name 'green_trips_url' is not defined"}
Traceback (most recent call last):
  File "<string>", line 38, in load_data
  File "/usr/local/lib/python3.10/site-packages/requests/models.py", line 1021, in raise_for_status
    raise HTTPError(http_error_msg, response=self)
requests.exceptions.HTTPError: 403 Client Error: Forbidden for url: https://d37ci6vzurychx.cloudfront.net/trip-data/green_tripdata_2025-12.parquet

During handling of the above exception, another exception occurred:

Traceback (most recent call last):
  File "/usr/local/lib/python3.10/site-packages/mage_ai/data_preparation/executors/block_executor.py", line 647, in execute
    result = __execute_with_retry()
  File "/usr/local/lib/python3.10/site-packages/mage_ai/shared/retry.py", line 54, in retry_func
    raise e
  File "/usr/local/lib/python3.10/site-packages/mage_ai/shared/retry.py", line 38, in retry_func
    return func(*args, **kwargs)
  File "/usr/local/lib/python3.10/site-packages/mage_ai/data_preparation/executors/block_executor.py", line 621, in __execute_with_retry
    return self._execute(
  File "/usr/local/lib/python3.10/site-packages/mage_ai/data_preparation/executors/block_executor.py", line 1154, in _execute
    result = self.block.execute_sync(
  File "/usr/local/lib/python3.10/site-packages/mage_ai/data_preparation/models/block/__init__.py", line 1691, in execute_sync
    return __execute()
  File "/usr/local/lib/python3.10/site-packages/mage_ai/data_preparation/models/block/__init__.py", line 1668, in __execute
    raise err
  File "/usr/local/lib/python3.10/site-packages/mage_ai/data_preparation/models/block/__init__.py", line 1570, in __execute
    output = self.execute_block(
  File "/usr/local/lib/python3.10/site-packages/mage_ai/data_preparation/models/block/__init__.py", line 1910, in execute_block
    outputs = self._execute_block(
  File "/usr/local/lib/python3.10/site-packages/mage_ai/data_preparation/models/block/__init__.py", line 2073, in _execute_block
    outputs = self.execute_block_function(
  File "/usr/local/lib/python3.10/site-packages/mage_ai/data_preparation/models/block/__init__.py", line 2169, in execute_block_function
    output = block_function_updated(*input_vars, **global_vars)
  File "<string>", line 47, in load_data
NameError: name 'green_trips_url' is not defined
2026-02-19T02:15:07 {"cpu": 0.97216796875, "cpu_total": 8, "cpu_usage": 0.12152099609375, "memory": 3114.0, "memory_total": 9862.0, "memory_usage": 0.3157574528493206, "pipeline_run_id": 23, "pipeline_schedule_id": 1, "pipeline_uuid": "ingest_bronze", "hostname": "d6554b28b458", "level": "INFO", "message": "Pipeline ingest_bronze for run 23 in schedule 1 is alive.", "timestamp": 1771467307.040865, "uuid": "031ccb0cee7447129c0a0411b7b9676f"}
